Arguments: 
  C:\Program Files\nodejs\node.exe C:\Users\grala\.yarn\releases\yarn-1.22.4.js add jsonwebtoken

PATH: 
  C:\WINDOWS\system32;C:\WINDOWS;C:\WINDOWS\System32\Wbem;C:\WINDOWS\System32\WindowsPowerShell\v1.0\;C:\WINDOWS\System32\OpenSSH\;C:\Program Files\Java\jdk-11.0.6\bin\;C:\MinGW\bin;C:\Program Files (x86)\Universal Extractor;C:\Program Files (x86)\Universal Extractor\bin;C:\xampp\mysql;C:\xampp\mysql\bin;C:\xampp\php;C:\composer;C:\ProgramData\chocolatey\bin;C:\Python27;C:\Users\grala\AppData\Local\Programs\Python\Python38-32;C:\Users\grala\AppData\Local\Programs\Python\Python38-32\Scripts;C:\Program Files\Git\cmd;C:\Program Files\heroku\bin;C:\Program Files\nodejs\;C:\Program Files\dotnet\;C:\Program Files\Microsoft SQL Server\130\Tools\Binn\;C:\Users\grala\AppData\Local\Programs\Python\Python38-32\Lib;C:\Users\grala\AppData\Local\Microsoft\WindowsApps;C:\Program Files\JetBrains\PyCharm Community Edition 2019.3.2\bin;C:\Program Files\JetBrains\IntelliJ IDEA 2019.3.3\bin;C:\Users\grala\AppData\Roaming\Composer\vendor\bin;C:\Users\grala\AppData\Local\Programs\Microsoft VS Code\bin;C:\Users\grala\AppData\Local\GitHubDesktop\bin;C:\Program Files\JetBrains\PyCharm 2020.2\bin;;C:\Users\grala\AppData\Local\Android\Sdk\platform-tools;C:\Program Files\JetBrains\IntelliJ IDEA 2020.2\bin;;C:\Program Files\heroku\bin;C:\Users\grala\AppData\Roaming\npm;C:\Users\grala\.dotnet\tools;C:\Program Files\JetBrains\JetBrains Rider 2020.3.2\bin;;C:\Program Files\Git\bin;C:\Program Files\MongoDB\Server\4.4\bin;

Yarn version: 
  1.22.4

Node version: 
  14.15.4

Platform: 
  win32 x64

Trace: 
  Error: EPERM: operation not permitted, unlink 'C:\Users\grala\Desktop\Devs\Ecomerce\backend\node_modules\bcrypt\lib\binding\napi-v3\bcrypt_lib.node'

npm manifest: 
  {
    "name": "ecommerce-backend",
    "version": "1.0.0",
    "description": "This holds the vast backend of this aplication",
    "main": "index.js",
    "scripts": {
      "test": "nodemon index.js"
    },
    "author": "Allan",
    "license": "ISC",
    "dependencies": {
      "bcrypt": "^5.0.1",
      "body-parser": "^1.19.0",
      "cors": "^2.8.5",
      "express": "^4.17.1",
      "mongodb": "^3.6.9",
      "mongoose": "^5.12.14",
      "nodemon": "^2.0.7"
    }
  }

yarn manifest: 
  No manifest

Lockfile: 
  No lockfile
